<?xml version="1.0" encoding="UTF-8"?>
<testng-results skipped="0" failed="1" total="3" passed="2">
  <reporter-output>
  </reporter-output>
  <suite name="Default suite" duration-ms="3774" started-at="2011-06-19T12:40:23Z" finished-at="2011-06-19T12:40:27Z">
    <groups>
      <group name="openoffice">
        <method signature="org.jboss.seam.reports.openoffice.OOReportsTableTest.fillRenderPdf()" name="fillRenderPdf" class="org.jboss.seam.reports.openoffice.OOReportsTableTest"/>
      </group>
    </groups>
    <test name="Default test" duration-ms="3774" started-at="2011-06-19T12:40:23Z" finished-at="2011-06-19T12:40:27Z">
      <class name="org.jboss.seam.reports.openoffice.OOReportsTableTest">
        <test-method status="PASS" signature="arquillianBeforeSuite()" name="arquillianBeforeSuite" is-config="true" duration-ms="252" started-at="2011-06-19T12:40:23Z" finished-at="2011-06-19T12:40:23Z">
        </test-method>
        <test-method status="PASS" signature="arquillianBeforeClass()" name="arquillianBeforeClass" is-config="true" duration-ms="2701" started-at="2011-06-19T12:40:23Z" finished-at="2011-06-19T12:40:26Z">
        </test-method>
        <test-method status="PASS" signature="arquillianBeforeTest(java.lang.reflect.Method)" name="arquillianBeforeTest" is-config="true" duration-ms="90" started-at="2011-06-19T12:40:26Z" finished-at="2011-06-19T12:40:26Z">
          <params>
            <param index="0">
              <value>
                <![CDATA[public void org.jboss.seam.reports.openoffice.OOReportsTableTest.fill() throws java.lang.Exception]]>
              </value>
            </param>
          </params>
        </test-method>
        <test-method status="PASS" signature="fill()" name="fill" duration-ms="757" started-at="2011-06-19T12:40:26Z" finished-at="2011-06-19T12:40:27Z">
        </test-method>
        <test-method status="PASS" signature="arquillianAfterTest(java.lang.reflect.Method)" name="arquillianAfterTest" is-config="true" duration-ms="1" started-at="2011-06-19T12:40:27Z" finished-at="2011-06-19T12:40:27Z">
          <params>
            <param index="0">
              <value>
                <![CDATA[public void org.jboss.seam.reports.openoffice.OOReportsTableTest.fill() throws java.lang.Exception]]>
              </value>
            </param>
          </params>
        </test-method>
        <test-method status="PASS" signature="arquillianBeforeTest(java.lang.reflect.Method)" name="arquillianBeforeTest" is-config="true" duration-ms="7" started-at="2011-06-19T12:40:27Z" finished-at="2011-06-19T12:40:27Z">
          <params>
            <param index="0">
              <value>
                <![CDATA[public void org.jboss.seam.reports.openoffice.OOReportsTableTest.fillRenderPdf() throws java.lang.Exception]]>
              </value>
            </param>
          </params>
        </test-method>
        <test-method status="FAIL" signature="fillRenderPdf()" name="fillRenderPdf" duration-ms="104" started-at="2011-06-19T12:40:27Z" finished-at="2011-06-19T12:40:27Z">
          <exception class="org.jboss.seam.reports.ReportException">
            <message>
              <![CDATA[java.lang.IllegalArgumentException: officeHome must exist and be a directory]]>
            </message>
            <full-stacktrace>
              <![CDATA[org.jboss.seam.reports.ReportException: java.lang.IllegalArgumentException: officeHome must exist and be a directory
	at org.jboss.seam.reports.openoffice.renderer.OOReportRenderer.render(OOReportRenderer.java:74)
	at org.jboss.seam.reports.openoffice.renderer.OOReportRenderer.render(OOReportRenderer.java:1)
	at org.jboss.seam.reports.openoffice.OOReportsTableTest.fillRenderPdf(OOReportsTableTest.java:142)
	at sun.reflect.NativeMethodAccessorImpl.invoke0(Native Method)
	at sun.reflect.NativeMethodAccessorImpl.invoke(NativeMethodAccessorImpl.java:39)
	at sun.reflect.DelegatingMethodAccessorImpl.invoke(DelegatingMethodAccessorImpl.java:25)
	at java.lang.reflect.Method.invoke(Method.java:597)
	at org.testng.internal.MethodInvocationHelper.invokeMethod(MethodInvocationHelper.java:81)
	at org.testng.internal.MethodInvocationHelper$1.runTestMethod(MethodInvocationHelper.java:177)
	at org.jboss.arquillian.testng.Arquillian$1.invoke(Arquillian.java:111)
	at org.jboss.arquillian.impl.execution.LocalTestExecuter.execute(LocalTestExecuter.java:63)
	at sun.reflect.NativeMethodAccessorImpl.invoke0(Native Method)
	at sun.reflect.NativeMethodAccessorImpl.invoke(NativeMethodAccessorImpl.java:39)
	at sun.reflect.DelegatingMethodAccessorImpl.invoke(DelegatingMethodAccessorImpl.java:25)
	at java.lang.reflect.Method.invoke(Method.java:597)
	at org.jboss.arquillian.impl.core.ObserverImpl.invoke(ObserverImpl.java:90)
	at org.jboss.arquillian.impl.core.EventContextImpl.invokeObservers(EventContextImpl.java:98)
	at org.jboss.arquillian.impl.core.EventContextImpl.proceed(EventContextImpl.java:80)
	at org.jboss.arquillian.impl.core.ManagerImpl.fire(ManagerImpl.java:126)
	at org.jboss.arquillian.impl.core.ManagerImpl.fire(ManagerImpl.java:106)
	at org.jboss.arquillian.impl.core.EventImpl.fire(EventImpl.java:67)
	at org.jboss.arquillian.impl.client.protocol.local.LocalContainerMethodExecutor.invoke(LocalContainerMethodExecutor.java:50)
	at org.jboss.arquillian.impl.execution.RemoteTestExecuter.execute(RemoteTestExecuter.java:97)
	at sun.reflect.NativeMethodAccessorImpl.invoke0(Native Method)
	at sun.reflect.NativeMethodAccessorImpl.invoke(NativeMethodAccessorImpl.java:39)
	at sun.reflect.DelegatingMethodAccessorImpl.invoke(DelegatingMethodAccessorImpl.java:25)
	at java.lang.reflect.Method.invoke(Method.java:597)
	at org.jboss.arquillian.impl.core.ObserverImpl.invoke(ObserverImpl.java:90)
	at org.jboss.arquillian.impl.core.EventContextImpl.invokeObservers(EventContextImpl.java:98)
	at org.jboss.arquillian.impl.core.EventContextImpl.proceed(EventContextImpl.java:80)
	at org.jboss.arquillian.impl.core.ManagerImpl.fire(ManagerImpl.java:126)
	at org.jboss.arquillian.impl.core.ManagerImpl.fire(ManagerImpl.java:106)
	at org.jboss.arquillian.impl.core.EventImpl.fire(EventImpl.java:67)
	at org.jboss.arquillian.impl.execution.ClientTestExecuter.execute(ClientTestExecuter.java:65)
	at sun.reflect.NativeMethodAccessorImpl.invoke0(Native Method)
	at sun.reflect.NativeMethodAccessorImpl.invoke(NativeMethodAccessorImpl.java:39)
	at sun.reflect.DelegatingMethodAccessorImpl.invoke(DelegatingMethodAccessorImpl.java:25)
	at java.lang.reflect.Method.invoke(Method.java:597)
	at org.jboss.arquillian.impl.core.ObserverImpl.invoke(ObserverImpl.java:90)
	at org.jboss.arquillian.impl.core.EventContextImpl.invokeObservers(EventContextImpl.java:98)
	at org.jboss.arquillian.impl.core.EventContextImpl.proceed(EventContextImpl.java:80)
	at org.jboss.arquillian.impl.client.ContainerDeploymentContextHandler.createContext(ContainerDeploymentContextHandler.java:133)
	at org.jboss.arquillian.impl.client.ContainerDeploymentContextHandler.createTestContext(ContainerDeploymentContextHandler.java:120)
	at sun.reflect.NativeMethodAccessorImpl.invoke0(Native Method)
	at sun.reflect.NativeMethodAccessorImpl.invoke(NativeMethodAccessorImpl.java:39)
	at sun.reflect.DelegatingMethodAccessorImpl.invoke(DelegatingMethodAccessorImpl.java:25)
	at java.lang.reflect.Method.invoke(Method.java:597)
	at org.jboss.arquillian.impl.core.ObserverImpl.invoke(ObserverImpl.java:90)
	at org.jboss.arquillian.impl.core.EventContextImpl.proceed(EventContextImpl.java:87)
	at org.jboss.arquillian.impl.TestContextHandler.createTestContext(TestContextHandler.java:82)
	at sun.reflect.NativeMethodAccessorImpl.invoke0(Native Method)
	at sun.reflect.NativeMethodAccessorImpl.invoke(NativeMethodAccessorImpl.java:39)
	at sun.reflect.DelegatingMethodAccessorImpl.invoke(DelegatingMethodAccessorImpl.java:25)
	at java.lang.reflect.Method.invoke(Method.java:597)
	at org.jboss.arquillian.impl.core.ObserverImpl.invoke(ObserverImpl.java:90)
	at org.jboss.arquillian.impl.core.EventContextImpl.proceed(EventContextImpl.java:87)
	at org.jboss.arquillian.impl.TestContextHandler.createClassContext(TestContextHandler.java:68)
	at sun.reflect.NativeMethodAccessorImpl.invoke0(Native Method)
	at sun.reflect.NativeMethodAccessorImpl.invoke(NativeMethodAccessorImpl.java:39)
	at sun.reflect.DelegatingMethodAccessorImpl.invoke(DelegatingMethodAccessorImpl.java:25)
	at java.lang.reflect.Method.invoke(Method.java:597)
	at org.jboss.arquillian.impl.core.ObserverImpl.invoke(ObserverImpl.java:90)
	at org.jboss.arquillian.impl.core.EventContextImpl.proceed(EventContextImpl.java:87)
	at org.jboss.arquillian.impl.TestContextHandler.createSuiteContext(TestContextHandler.java:54)
	at sun.reflect.NativeMethodAccessorImpl.invoke0(Native Method)
	at sun.reflect.NativeMethodAccessorImpl.invoke(NativeMethodAccessorImpl.java:39)
	at sun.reflect.DelegatingMethodAccessorImpl.invoke(DelegatingMethodAccessorImpl.java:25)
	at java.lang.reflect.Method.invoke(Method.java:597)
	at org.jboss.arquillian.impl.core.ObserverImpl.invoke(ObserverImpl.java:90)
	at org.jboss.arquillian.impl.core.EventContextImpl.proceed(EventContextImpl.java:87)
	at org.jboss.arquillian.impl.core.ManagerImpl.fire(ManagerImpl.java:126)
	at org.jboss.arquillian.impl.EventTestRunnerAdaptor.test(EventTestRunnerAdaptor.java:101)
	at org.jboss.arquillian.testng.Arquillian.run(Arquillian.java:102)
	at sun.reflect.NativeMethodAccessorImpl.invoke0(Native Method)
	at sun.reflect.NativeMethodAccessorImpl.invoke(NativeMethodAccessorImpl.java:39)
	at sun.reflect.DelegatingMethodAccessorImpl.invoke(DelegatingMethodAccessorImpl.java:25)
	at java.lang.reflect.Method.invoke(Method.java:597)
	at org.testng.internal.MethodInvocationHelper.invokeHookable(MethodInvocationHelper.java:189)
	at org.testng.internal.Invoker.invokeMethod(Invoker.java:666)
	at org.testng.internal.Invoker.invokeTestMethod(Invoker.java:842)
	at org.testng.internal.Invoker.invokeTestMethods(Invoker.java:1166)
	at org.testng.internal.TestMethodWorker.invokeTestMethods(TestMethodWorker.java:125)
	at org.testng.internal.TestMethodWorker.run(TestMethodWorker.java:109)
	at org.testng.TestRunner.runWorkers(TestRunner.java:1131)
	at org.testng.TestRunner.privateRun(TestRunner.java:752)
	at org.testng.TestRunner.run(TestRunner.java:603)
	at org.testng.SuiteRunner.runTest(SuiteRunner.java:329)
	at org.testng.SuiteRunner.runSequentially(SuiteRunner.java:324)
	at org.testng.SuiteRunner.privateRun(SuiteRunner.java:286)
	at org.testng.SuiteRunner.run(SuiteRunner.java:235)
	at org.testng.SuiteRunnerWorker.runSuite(SuiteRunnerWorker.java:52)
	at org.testng.SuiteRunnerWorker.run(SuiteRunnerWorker.java:86)
	at org.testng.TestNG.runSuitesSequentially(TestNG.java:1049)
	at org.testng.TestNG.runSuitesLocally(TestNG.java:974)
	at org.testng.TestNG.run(TestNG.java:905)
	at org.testng.remote.RemoteTestNG.run(RemoteTestNG.java:111)
	at org.testng.remote.RemoteTestNG.initAndRun(RemoteTestNG.java:203)
	at org.testng.remote.RemoteTestNG.main(RemoteTestNG.java:174)
Caused by: java.lang.IllegalArgumentException: officeHome must exist and be a directory
	at org.artofsolving.jodconverter.office.DefaultOfficeManagerConfiguration.checkArgument(DefaultOfficeManagerConfiguration.java:160)
	at org.artofsolving.jodconverter.office.DefaultOfficeManagerConfiguration.setOfficeHome(DefaultOfficeManagerConfiguration.java:50)
	at org.artofsolving.jodconverter.office.DefaultOfficeManagerConfiguration.setOfficeHome(DefaultOfficeManagerConfiguration.java:45)
	at org.jboss.seam.reports.openoffice.OfficeManagerProducer.createOfficeManager(OfficeManagerProducer.java:34)
	at sun.reflect.NativeMethodAccessorImpl.invoke0(Native Method)
	at sun.reflect.NativeMethodAccessorImpl.invoke(NativeMethodAccessorImpl.java:39)
	at sun.reflect.DelegatingMethodAccessorImpl.invoke(DelegatingMethodAccessorImpl.java:25)
	at java.lang.reflect.Method.invoke(Method.java:597)
	at org.jboss.weld.util.reflection.SecureReflections$13.work(SecureReflections.java:305)
	at org.jboss.weld.util.reflection.SecureReflectionAccess.run(SecureReflectionAccess.java:54)
	at org.jboss.weld.util.reflection.SecureReflectionAccess.runAsInvocation(SecureReflectionAccess.java:163)
	at org.jboss.weld.util.reflection.SecureReflections.invoke(SecureReflections.java:299)
	at org.jboss.weld.introspector.jlr.WeldMethodImpl.invokeOnInstance(WeldMethodImpl.java:188)
	at org.jboss.weld.injection.MethodInjectionPoint.invokeOnInstance(MethodInjectionPoint.java:169)
	at org.jboss.weld.bean.ProducerMethod$1.produce(ProducerMethod.java:149)
	at org.jboss.weld.bean.AbstractProducerBean.create(AbstractProducerBean.java:361)
	at org.jboss.weld.context.AbstractContext.get(AbstractContext.java:121)
	at org.jboss.weld.bean.proxy.ContextBeanInstance.getInstance(ContextBeanInstance.java:99)
	at org.jboss.weld.bean.proxy.ProxyMethodHandler.invoke(ProxyMethodHandler.java:124)
	at org.jboss.weld.proxies.org$jboss$weld$beanProducerMethod-org$jboss$seam$reports$openoffice$OfficeManagerProducer[@javax$enterprise$context$ApplicationScoped()@org$jboss$seam$config$xml$core$XmlConfiguredBean()@org$jboss$seam$config$xml$core$XmlId(value=0)]{org$jboss$seam$reports$openoffice$OfficeManagerProducer$createOfficeManager[@javax$enterprise$context$ApplicationScoped()@javax$enterprise$inject$Produces()@org$jboss$seam$reports$openoffice$OOReports()]()$}org$jboss$seam$reports$openoffice$OfficeManagerProducer$createOfficeManager[@javax$enterprise$context$ApplicationScoped()@javax$enterprise$inject$Produces()@org$jboss$seam$reports$openoffice$OOReports()]()_$$_WeldClientProxy.start(org$jboss$weld$beanProducerMethod-org$jboss$seam$reports$openoffice$OfficeManagerProducer[@javax$enterprise$context$ApplicationScoped()@org$jboss$seam$config$xml$core$XmlConfiguredBean()@org$jboss$seam$config$xml$core$XmlId(value=0)]{org$jboss$seam$reports$openoffice$OfficeManagerProducer$createOfficeManager[@javax$enterprise$context$ApplicationScoped()@javax$enterprise$inject$Produces()@org$jboss$seam$reports$openoffice$OOReports()]()$}org$jboss$seam$reports$openoffice$OfficeManagerProducer$createOfficeManager[@javax$enterprise$context$ApplicationScoped()@javax$enterprise$inject$Produces()@org$jboss$seam$reports$openoffice$OOReports()]()_$$_WeldClientProxy.java)
	at org.jboss.seam.reports.openoffice.lib.JODConverterFacade.start(JODConverterFacade.java:44)
	at org.jboss.seam.reports.openoffice.JODConverterFacadeProducer.createConverterFacade(JODConverterFacadeProducer.java:33)
	at sun.reflect.NativeMethodAccessorImpl.invoke0(Native Method)
	at sun.reflect.NativeMethodAccessorImpl.invoke(NativeMethodAccessorImpl.java:39)
	at sun.reflect.DelegatingMethodAccessorImpl.invoke(DelegatingMethodAccessorImpl.java:25)
	at java.lang.reflect.Method.invoke(Method.java:597)
	at org.jboss.weld.util.reflection.SecureReflections$13.work(SecureReflections.java:305)
	at org.jboss.weld.util.reflection.SecureReflectionAccess.run(SecureReflectionAccess.java:54)
	at org.jboss.weld.util.reflection.SecureReflectionAccess.runAsInvocation(SecureReflectionAccess.java:163)
	at org.jboss.weld.util.reflection.SecureReflections.invoke(SecureReflections.java:299)
	at org.jboss.weld.introspector.jlr.WeldMethodImpl.invokeOnInstance(WeldMethodImpl.java:188)
	at org.jboss.weld.injection.MethodInjectionPoint.invokeOnInstance(MethodInjectionPoint.java:169)
	at org.jboss.weld.bean.ProducerMethod$1.produce(ProducerMethod.java:149)
	at org.jboss.weld.bean.AbstractProducerBean.create(AbstractProducerBean.java:361)
	at org.jboss.weld.context.AbstractContext.get(AbstractContext.java:121)
	at org.jboss.weld.bean.proxy.ContextBeanInstance.getInstance(ContextBeanInstance.java:99)
	at org.jboss.weld.bean.proxy.ProxyMethodHandler.invoke(ProxyMethodHandler.java:87)
	at org.jboss.seam.reports.openoffice.lib.org$jboss$weld$beanProducerMethod-org$jboss$seam$reports$openoffice$JODConverterFacadeProducermethod_createConverterFacade(org$artofsolving$jodconverter$office$OfficeManager)_$$_WeldClientProxy.convert(org$jboss$weld$beanProducerMethod-org$jboss$seam$reports$openoffice$JODConverterFacadeProducermethod_createConverterFacade(org$artofsolving$jodconverter$office$OfficeManager)_$$_WeldClientProxy.java)
	at org.jboss.seam.reports.openoffice.renderer.OOReportRenderer.render(OOReportRenderer.java:66)
	... 97 more
]]>
            </full-stacktrace>
          </exception>
        </test-method>
        <test-method status="PASS" signature="arquillianAfterTest(java.lang.reflect.Method)" name="arquillianAfterTest" is-config="true" duration-ms="1" started-at="2011-06-19T12:40:27Z" finished-at="2011-06-19T12:40:27Z">
          <params>
            <param index="0">
              <value>
                <![CDATA[public void org.jboss.seam.reports.openoffice.OOReportsTableTest.fillRenderPdf() throws java.lang.Exception]]>
              </value>
            </param>
          </params>
        </test-method>
        <test-method status="PASS" signature="arquillianBeforeTest(java.lang.reflect.Method)" name="arquillianBeforeTest" is-config="true" duration-ms="6" started-at="2011-06-19T12:40:27Z" finished-at="2011-06-19T12:40:27Z">
          <params>
            <param index="0">
              <value>
                <![CDATA[public void org.jboss.seam.reports.openoffice.OOReportsTableTest.hide() throws java.lang.Exception]]>
              </value>
            </param>
          </params>
        </test-method>
        <test-method status="PASS" signature="hide()" name="hide" duration-ms="78" started-at="2011-06-19T12:40:27Z" finished-at="2011-06-19T12:40:27Z">
        </test-method>
        <test-method status="PASS" signature="arquillianAfterTest(java.lang.reflect.Method)" name="arquillianAfterTest" is-config="true" duration-ms="2" started-at="2011-06-19T12:40:27Z" finished-at="2011-06-19T12:40:27Z">
          <params>
            <param index="0">
              <value>
                <![CDATA[public void org.jboss.seam.reports.openoffice.OOReportsTableTest.hide() throws java.lang.Exception]]>
              </value>
            </param>
          </params>
        </test-method>
        <test-method status="PASS" signature="arquillianAfterClass()" name="arquillianAfterClass" is-config="true" duration-ms="9" started-at="2011-06-19T12:40:27Z" finished-at="2011-06-19T12:40:27Z">
        </test-method>
        <test-method status="PASS" signature="arquillianAfterSuite()" name="arquillianAfterSuite" is-config="true" duration-ms="3" started-at="2011-06-19T12:40:27Z" finished-at="2011-06-19T12:40:27Z">
        </test-method>
      </class>
    </test>
  </suite>
</testng-results>
